0 info it worked if it ends with ok
1 verbose cli [ '/usr/local/bin/node', '/usr/local/bin/npm', 'install' ]
2 info using npm@3.10.10
3 info using node@v6.9.4
4 silly loadCurrentTree Starting
5 silly install loadCurrentTree
6 silly install readLocalPackageData
7 silly install normalizeTree
8 silly loadCurrentTree Finishing
9 silly loadIdealTree Starting
10 silly install loadIdealTree
11 silly cloneCurrentTree Starting
12 silly install cloneCurrentTreeToIdealTree
13 silly cloneCurrentTree Finishing
14 silly loadShrinkwrap Starting
15 silly install loadShrinkwrap
16 silly loadShrinkwrap Finishing
17 silly loadAllDepsIntoIdealTree Starting
18 silly install loadAllDepsIntoIdealTree
19 silly fetchNamedPackageData angular-ui-bootstrap
20 silly mapToRegistry name angular-ui-bootstrap
21 silly mapToRegistry using default registry
22 silly mapToRegistry registry https://registry.npmjs.org/
23 silly mapToRegistry data Result {
23 silly mapToRegistry   raw: 'angular-ui-bootstrap',
23 silly mapToRegistry   scope: null,
23 silly mapToRegistry   escapedName: 'angular-ui-bootstrap',
23 silly mapToRegistry   name: 'angular-ui-bootstrap',
23 silly mapToRegistry   rawSpec: '',
23 silly mapToRegistry   spec: 'latest',
23 silly mapToRegistry   type: 'tag' }
24 silly mapToRegistry uri https://registry.npmjs.org/angular-ui-bootstrap
25 verbose request uri https://registry.npmjs.org/angular-ui-bootstrap
26 verbose request no auth needed
27 info attempt registry request try #1 at 5:32:57 PM
28 verbose request id a766a67dac749731
29 verbose etag W/"590259cb-14205"
30 verbose lastModified Thu, 27 Apr 2017 20:51:23 GMT
31 http request GET https://registry.npmjs.org/angular-ui-bootstrap
32 http 304 https://registry.npmjs.org/angular-ui-bootstrap
33 verbose headers { date: 'Wed, 07 Jun 2017 11:32:57 GMT',
33 verbose headers   via: '1.1 varnish',
33 verbose headers   'cache-control': 'max-age=300',
33 verbose headers   etag: 'W/"590259cb-14205"',
33 verbose headers   age: '92',
33 verbose headers   connection: 'keep-alive',
33 verbose headers   'x-served-by': 'cache-ams4425-AMS',
33 verbose headers   'x-cache': 'HIT',
33 verbose headers   'x-cache-hits': '1',
33 verbose headers   'x-timer': 'S1496835178.877977,VS0,VE1',
33 verbose headers   vary: 'Accept-Encoding' }
34 silly get cb [ 304,
34 silly get   { date: 'Wed, 07 Jun 2017 11:32:57 GMT',
34 silly get     via: '1.1 varnish',
34 silly get     'cache-control': 'max-age=300',
34 silly get     etag: 'W/"590259cb-14205"',
34 silly get     age: '92',
34 silly get     connection: 'keep-alive',
34 silly get     'x-served-by': 'cache-ams4425-AMS',
34 silly get     'x-cache': 'HIT',
34 silly get     'x-cache-hits': '1',
34 silly get     'x-timer': 'S1496835178.877977,VS0,VE1',
34 silly get     vary: 'Accept-Encoding' } ]
35 verbose etag https://registry.npmjs.org/angular-ui-bootstrap from cache
36 verbose get saving angular-ui-bootstrap to /Users/admin/.npm/registry.npmjs.org/angular-ui-bootstrap/.cache.json
37 verbose correctMkdir /Users/admin/.npm correctMkdir not in flight; initializing
38 silly fetchNamedPackageData No valid target from cache, forcing network
39 verbose request uri https://registry.npmjs.org/angular-ui-bootstrap
40 verbose request no auth needed
41 info attempt registry request try #1 at 5:32:57 PM
42 http request GET https://registry.npmjs.org/angular-ui-bootstrap
43 http 200 https://registry.npmjs.org/angular-ui-bootstrap
44 verbose headers { server: 'nginx/1.10.1',
44 verbose headers   'content-type': 'application/json',
44 verbose headers   'last-modified': 'Thu, 27 Apr 2017 20:51:23 GMT',
44 verbose headers   etag: 'W/"590259cb-14205"',
44 verbose headers   'content-encoding': 'gzip',
44 verbose headers   'cache-control': 'max-age=300',
44 verbose headers   'content-length': '9334',
44 verbose headers   'accept-ranges': 'bytes',
44 verbose headers   date: 'Wed, 07 Jun 2017 11:32:58 GMT',
44 verbose headers   via: '1.1 varnish',
44 verbose headers   age: '92',
44 verbose headers   connection: 'keep-alive',
44 verbose headers   'x-served-by': 'cache-ams4425-AMS',
44 verbose headers   'x-cache': 'HIT',
44 verbose headers   'x-cache-hits': '2',
44 verbose headers   'x-timer': 'S1496835178.002140,VS0,VE0',
44 verbose headers   vary: 'Accept-Encoding' }
45 silly get cb [ 200,
45 silly get   { server: 'nginx/1.10.1',
45 silly get     'content-type': 'application/json',
45 silly get     'last-modified': 'Thu, 27 Apr 2017 20:51:23 GMT',
45 silly get     etag: 'W/"590259cb-14205"',
45 silly get     'content-encoding': 'gzip',
45 silly get     'cache-control': 'max-age=300',
45 silly get     'content-length': '9334',
45 silly get     'accept-ranges': 'bytes',
45 silly get     date: 'Wed, 07 Jun 2017 11:32:58 GMT',
45 silly get     via: '1.1 varnish',
45 silly get     age: '92',
45 silly get     connection: 'keep-alive',
45 silly get     'x-served-by': 'cache-ams4425-AMS',
45 silly get     'x-cache': 'HIT',
45 silly get     'x-cache-hits': '2',
45 silly get     'x-timer': 'S1496835178.002140,VS0,VE0',
45 silly get     vary: 'Accept-Encoding' } ]
46 verbose get saving angular-ui-bootstrap to /Users/admin/.npm/registry.npmjs.org/angular-ui-bootstrap/.cache.json
47 verbose correctMkdir /Users/admin/.npm correctMkdir not in flight; initializing
48 silly fetchPackageMetaData Error: No compatible version found: angular-ui-bootstrap@~0.11.2
48 silly fetchPackageMetaData Valid install targets:
48 silly fetchPackageMetaData 2.5.0, 2.4.0, 2.3.2, 2.3.1, 2.3.0, 2.2.0, 2.1.4, 2.1.3, 2.1.2, 2.1.1, 2.1.0, 2.0.2, 2.0.1, 2.0.0, 1.3.3, 1.3.2, 1.3.1, 1.3.0, 1.2.5, 1.2.4, 1.2.2, 1.2.1, 1.2.0, 1.1.2, 1.1.1, 1.1.0, 1.0.3, 1.0.1, 1.0.0, 0.14.3, 0.14.2, 0.14.1, 0.14.0, 0.13.4, 0.13.3, 0.13.2, 0.13.1, 0.13.0, 0.12.1
48 silly fetchPackageMetaData
48 silly fetchPackageMetaData     at pickVersionFromRegistryDocument (/usr/local/lib/node_modules/npm/lib/fetch-package-metadata.js:178:16)
48 silly fetchPackageMetaData     at /usr/local/lib/node_modules/npm/node_modules/iferr/index.js:13:50
48 silly fetchPackageMetaData     at /usr/local/lib/node_modules/npm/lib/utils/pulse-till-done.js:20:8
48 silly fetchPackageMetaData     at saved (/usr/local/lib/node_modules/npm/lib/cache/caching-client.js:174:7)
48 silly fetchPackageMetaData     at /usr/local/lib/node_modules/npm/node_modules/graceful-fs/polyfills.js:241:18
48 silly fetchPackageMetaData     at FSReqWrap.oncomplete (fs.js:123:15)
48 silly fetchPackageMetaData  error for angular-ui-bootstrap@~0.11.2 { Error: No compatible version found: angular-ui-bootstrap@~0.11.2
48 silly fetchPackageMetaData Valid install targets:
48 silly fetchPackageMetaData 2.5.0, 2.4.0, 2.3.2, 2.3.1, 2.3.0, 2.2.0, 2.1.4, 2.1.3, 2.1.2, 2.1.1, 2.1.0, 2.0.2, 2.0.1, 2.0.0, 1.3.3, 1.3.2, 1.3.1, 1.3.0, 1.2.5, 1.2.4, 1.2.2, 1.2.1, 1.2.0, 1.1.2, 1.1.1, 1.1.0, 1.0.3, 1.0.1, 1.0.0, 0.14.3, 0.14.2, 0.14.1, 0.14.0, 0.13.4, 0.13.3, 0.13.2, 0.13.1, 0.13.0, 0.12.1
48 silly fetchPackageMetaData
48 silly fetchPackageMetaData     at pickVersionFromRegistryDocument (/usr/local/lib/node_modules/npm/lib/fetch-package-metadata.js:178:16)
48 silly fetchPackageMetaData     at /usr/local/lib/node_modules/npm/node_modules/iferr/index.js:13:50
48 silly fetchPackageMetaData     at /usr/local/lib/node_modules/npm/lib/utils/pulse-till-done.js:20:8
48 silly fetchPackageMetaData     at saved (/usr/local/lib/node_modules/npm/lib/cache/caching-client.js:174:7)
48 silly fetchPackageMetaData     at /usr/local/lib/node_modules/npm/node_modules/graceful-fs/polyfills.js:241:18
48 silly fetchPackageMetaData     at FSReqWrap.oncomplete (fs.js:123:15) code: 'ETARGET' }
49 silly rollbackFailedOptional Starting
50 silly rollbackFailedOptional Finishing
51 silly runTopLevelLifecycles Finishing
52 silly install printInstalled
53 verbose stack Error: No compatible version found: angular-ui-bootstrap@~0.11.2
53 verbose stack Valid install targets:
53 verbose stack 2.5.0, 2.4.0, 2.3.2, 2.3.1, 2.3.0, 2.2.0, 2.1.4, 2.1.3, 2.1.2, 2.1.1, 2.1.0, 2.0.2, 2.0.1, 2.0.0, 1.3.3, 1.3.2, 1.3.1, 1.3.0, 1.2.5, 1.2.4, 1.2.2, 1.2.1, 1.2.0, 1.1.2, 1.1.1, 1.1.0, 1.0.3, 1.0.1, 1.0.0, 0.14.3, 0.14.2, 0.14.1, 0.14.0, 0.13.4, 0.13.3, 0.13.2, 0.13.1, 0.13.0, 0.12.1
53 verbose stack
53 verbose stack     at pickVersionFromRegistryDocument (/usr/local/lib/node_modules/npm/lib/fetch-package-metadata.js:178:16)
53 verbose stack     at /usr/local/lib/node_modules/npm/node_modules/iferr/index.js:13:50
53 verbose stack     at /usr/local/lib/node_modules/npm/lib/utils/pulse-till-done.js:20:8
53 verbose stack     at saved (/usr/local/lib/node_modules/npm/lib/cache/caching-client.js:174:7)
53 verbose stack     at /usr/local/lib/node_modules/npm/node_modules/graceful-fs/polyfills.js:241:18
53 verbose stack     at FSReqWrap.oncomplete (fs.js:123:15)
54 verbose cwd /Users/admin/kcell/kcell-tasklist-ui/js
55 error Darwin 16.4.0
56 error argv "/usr/local/bin/node" "/usr/local/bin/npm" "install"
57 error node v6.9.4
58 error npm  v3.10.10
59 error code ETARGET
60 error notarget No compatible version found: angular-ui-bootstrap@~0.11.2
60 error notarget Valid install targets:
60 error notarget 2.5.0, 2.4.0, 2.3.2, 2.3.1, 2.3.0, 2.2.0, 2.1.4, 2.1.3, 2.1.2, 2.1.1, 2.1.0, 2.0.2, 2.0.1, 2.0.0, 1.3.3, 1.3.2, 1.3.1, 1.3.0, 1.2.5, 1.2.4, 1.2.2, 1.2.1, 1.2.0, 1.1.2, 1.1.1, 1.1.0, 1.0.3, 1.0.1, 1.0.0, 0.14.3, 0.14.2, 0.14.1, 0.14.0, 0.13.4, 0.13.3, 0.13.2, 0.13.1, 0.13.0, 0.12.1
61 error notarget This is most likely not a problem with npm itself.
61 error notarget In most cases you or one of your dependencies are requesting
61 error notarget a package version that doesn't exist.
61 error notarget
61 error notarget It was specified as a dependency of 'kcell-tasklist-ui'
62 verbose exit [ 1, true ]
